[INFO] Scanning for projects...
[INFO] 
[INFO] --------------< com.agrifarms:agri-farms-common-service >---------------
[INFO] Building agri-farms-common-service 0.0.1-SNAPSHOT
[INFO]   from pom.xml
[INFO] --------------------------------[ jar ]---------------------------------
[INFO] 
[INFO] >>> spring-boot:3.2.3:run (default-cli) > test-compile @ agri-farms-common-service >>>
[INFO] 
[INFO] --- resources:3.3.1:resources (default-resources) @ agri-farms-common-service ---
[INFO] Copying 1 resource from src\main\resources to target\classes
[INFO] Copying 2 resources from src\main\resources to target\classes
[INFO] 
[INFO] --- compiler:3.11.0:compile (default-compile) @ agri-farms-common-service ---
[INFO] Nothing to compile - all classes are up to date
[INFO] 
[INFO] --- resources:3.3.1:testResources (default-testResources) @ agri-farms-common-service ---
[INFO] skip non existing resourceDirectory C:\Users\humer\Desktop\TX Projects\AgriFarms\agrifarm-common-service\src\test\resources
[INFO] 
[INFO] --- compiler:3.11.0:testCompile (default-testCompile) @ agri-farms-common-service ---
[INFO] No sources to compile
[INFO] 
[INFO] <<< spring-boot:3.2.3:run (default-cli) < test-compile @ agri-farms-common-service <<<
[INFO] 
[INFO] 
[INFO] --- spring-boot:3.2.3:run (default-cli) @ agri-farms-common-service ---
[INFO] Attaching agents: []

  .   ____          _            __ _ _
 /\\ / ___'_ __ _ _(_)_ __  __ _ \ \ \ \
( ( )\___ | '_ | '_| | '_ \/ _` | \ \ \ \
 \\/  ___)| |_)| | | | | || (_| |  ) ) ) )
  '  |____| .__|_| |_|_| |_\__, | / / / /
 =========|_|==============|___/=/_/_/_/
 :: Spring Boot ::                (v3.2.3)

2026-03-27T14:51:51.866+05:30  INFO 22896 --- [agri-farms-common-service] [  restartedMain] c.a.c.AgriFarmsCommonServiceApplication  : Starting AgriFarmsCommonServiceApplication using Java 21.0.6 with PID 22896 (C:\Users\humer\Desktop\TX Projects\AgriFarms\agrifarm-common-service\target\classes started by humer in C:\Users\humer\Desktop\TX Projects\AgriFarms\agrifarm-common-service)
2026-03-27T14:51:51.871+05:30  INFO 22896 --- [agri-farms-common-service] [  restartedMain] c.a.c.AgriFarmsCommonServiceApplication  : No active profile set, falling back to 1 default profile: "default"
2026-03-27T14:51:51.925+05:30  INFO 22896 --- [agri-farms-common-service] [  restartedMain] .e.DevToolsPropertyDefaultsPostProcessor : Devtools property defaults active! Set 'spring.devtools.add-properties' to 'false' to disable
2026-03-27T14:51:51.925+05:30  INFO 22896 --- [agri-farms-common-service] [  restartedMain] .e.DevToolsPropertyDefaultsPostProcessor : For additional web related logging consider setting the 'logging.level.web' property to 'DEBUG'
2026-03-27T14:51:52.478+05:30  INFO 22896 --- [agri-farms-common-service] [  restartedMain] .s.d.r.c.RepositoryConfigurationDelegate : Bootstrapping Spring Data JPA repositories in DEFAULT mode.
2026-03-27T14:51:52.575+05:30  INFO 22896 --- [agri-farms-common-service] [  restartedMain] .s.d.r.c.RepositoryConfigurationDelegate : Finished Spring Data repository scanning in 89 ms. Found 7 JPA repository interfaces.
2026-03-27T14:51:53.250+05:30  INFO 22896 --- [agri-farms-common-service] [  restartedMain] o.s.b.w.embedded.tomcat.TomcatWebServer  : Tomcat initialized with port 8083 (http)
2026-03-27T14:51:53.261+05:30  INFO 22896 --- [agri-farms-common-service] [  restartedMain] o.apache.catalina.core.StandardService   : Starting service [Tomcat]
2026-03-27T14:51:53.261+05:30  INFO 22896 --- [agri-farms-common-service] [  restartedMain] o.apache.catalina.core.StandardEngine    : Starting Servlet engine: [Apache Tomcat/10.1.19]
2026-03-27T14:51:53.303+05:30  INFO 22896 --- [agri-farms-common-service] [  restartedMain] o.a.c.c.C.[Tomcat].[localhost].[/]       : Initializing Spring embedded WebApplicationContext
2026-03-27T14:51:53.303+05:30  INFO 22896 --- [agri-farms-common-service] [  restartedMain] w.s.c.ServletWebServerApplicationContext : Root WebApplicationContext: initialization completed in 1378 ms
2026-03-27T14:51:53.401+05:30  INFO 22896 --- [agri-farms-common-service] [  restartedMain] com.zaxxer.hikari.HikariDataSource       : HikariPool-1 - Starting...
2026-03-27T14:51:53.681+05:30  INFO 22896 --- [agri-farms-common-service] [  restartedMain] com.zaxxer.hikari.pool.HikariPool        : HikariPool-1 - Added connection org.postgresql.jdbc.PgConnection@201b5c06
2026-03-27T14:51:53.682+05:30  INFO 22896 --- [agri-farms-common-service] [  restartedMain] com.zaxxer.hikari.HikariDataSource       : HikariPool-1 - Start completed.
2026-03-27T14:51:53.915+05:30  INFO 22896 --- [agri-farms-common-service] [  restartedMain] liquibase.database                       : Set default schema name to public
2026-03-27T14:51:54.151+05:30  INFO 22896 --- [agri-farms-common-service] [  restartedMain] liquibase.changelog                      : Reading from public.databasechangelog
2026-03-27T14:51:54.455+05:30  INFO 22896 --- [agri-farms-common-service] [  restartedMain] liquibase.changelog                      : Change failed validation!
2026-03-27T14:51:54.458+05:30  INFO 22896 --- [agri-farms-common-service] [  restartedMain] liquibase.command                        : Command execution complete
2026-03-27T14:51:54.478+05:30  WARN 22896 --- [agri-farms-common-service] [  restartedMain] ConfigServletWebServerApplicationContext : Exception encountered during context initialization - cancelling refresh attempt: org.springframework.beans.factory.BeanCreationException: Error creating bean with name 'liquibase' defined in class path resource [org/springframework/boot/autoconfigure/liquibase/LiquibaseAutoConfiguration$LiquibaseConfiguration.class]: liquibase.exception.ValidationFailedException: Validation Failed:
     10 changesets check sum
          db/changelog/db.changelog-agri.sql::1.0.1::agrihub was: 9:2b4e136a41585e9e884bd578031fd6e4 but is now: 9:a8ae5e737fa58c858c0bc0bc9c35834c
          db/changelog/db.changelog-agri.sql::1.0.2::agrihub was: 9:5796b158d04b9453525dc26190528f5d but is now: 9:25a92c7aec18678c93a7174122165f68
          db/changelog/db.changelog-agri.sql::1.0.3::agrihub was: 9:90157db6409160beb0b3dd1e4956e8d2 but is now: 9:c106dbed44ba70fb19c0563d7664bb52
          db/changelog/db.changelog-agri.sql::1.0.4::agrihub was: 9:92c49a1862b1a0d732fb15749f263ffc but is now: 9:0b4193358b63b5c7fe4f9f86125fd948
          db/changelog/db.changelog-agri.sql::1.0.5::agrihub was: 9:32c28f9b004e541ecccce4efb500356c but is now: 9:19ce1b7ffbf419d5c2766765abc3a4f2
          db/changelog/db.changelog-agri.sql::1.0.6::agrihub was: 9:eb34f863bfa8763fba05b68f9f0ada0d but is now: 9:e20abde0a338541f2196d54bebc6b1de
          db/changelog/db.changelog-agri.sql::1.0.7::agrihub was: 9:b0c7bd739c91ba65d3cf96be1098ce7e but is now: 9:05fe16c3004cfde6cc552adedac69b72
          db/changelog/db.changelog-agri.sql::1.0.8::agrihub was: 9:72b79ece6e81490f7b7c5874a725b440 but is now: 9:02d55816f5d9c79d524343045d953a38
          db/changelog/db.changelog-agri.sql::1.0.9::agrihub was: 9:36e269c2c6c6b1b4d716814b9147b6f3 but is now: 9:30a79ed73a32d0620833f343f1948615
          db/changelog/db.changelog-agri.sql::1.0.10::agrihub was: 9:5a317952df5d6584a303c6834423e722 but is now: 9:dd4b5c294341d5cf55dbfb49f8799170

2026-03-27T14:51:54.480+05:30  INFO 22896 --- [agri-farms-common-service] [  restartedMain] com.zaxxer.hikari.HikariDataSource       : HikariPool-1 - Shutdown initiated...
2026-03-27T14:51:54.625+05:30  INFO 22896 --- [agri-farms-common-service] [  restartedMain] com.zaxxer.hikari.HikariDataSource       : HikariPool-1 - Shutdown completed.
2026-03-27T14:51:54.631+05:30  INFO 22896 --- [agri-farms-common-service] [  restartedMain] o.apache.catalina.core.StandardService   : Stopping service [Tomcat]
2026-03-27T14:51:54.649+05:30  INFO 22896 --- [agri-farms-common-service] [  restartedMain] .s.b.a.l.ConditionEvaluationReportLogger : 

Error starting ApplicationContext. To display the condition evaluation report re-run your application with 'debug' enabled.
2026-03-27T14:51:54.675+05:30 ERROR 22896 --- [agri-farms-common-service] [  restartedMain] o.s.boot.SpringApplication               : Application run failed

org.springframework.beans.factory.BeanCreationException: Error creating bean with name 'liquibase' defined in class path resource [org/springframework/boot/autoconfigure/liquibase/LiquibaseAutoConfiguration$LiquibaseConfiguration.class]: liquibase.exception.ValidationFailedException: Validation Failed:
     10 changesets check sum
          db/changelog/db.changelog-agri.sql::1.0.1::agrihub was: 9:2b4e136a41585e9e884bd578031fd6e4 but is now: 9:a8ae5e737fa58c858c0bc0bc9c35834c
          db/changelog/db.changelog-agri.sql::1.0.2::agrihub was: 9:5796b158d04b9453525dc26190528f5d but is now: 9:25a92c7aec18678c93a7174122165f68
          db/changelog/db.changelog-agri.sql::1.0.3::agrihub was: 9:90157db6409160beb0b3dd1e4956e8d2 but is now: 9:c106dbed44ba70fb19c0563d7664bb52
          db/changelog/db.changelog-agri.sql::1.0.4::agrihub was: 9:92c49a1862b1a0d732fb15749f263ffc but is now: 9:0b4193358b63b5c7fe4f9f86125fd948
          db/changelog/db.changelog-agri.sql::1.0.5::agrihub was: 9:32c28f9b004e541ecccce4efb500356c but is now: 9:19ce1b7ffbf419d5c2766765abc3a4f2
          db/changelog/db.changelog-agri.sql::1.0.6::agrihub was: 9:eb34f863bfa8763fba05b68f9f0ada0d but is now: 9:e20abde0a338541f2196d54bebc6b1de
          db/changelog/db.changelog-agri.sql::1.0.7::agrihub was: 9:b0c7bd739c91ba65d3cf96be1098ce7e but is now: 9:05fe16c3004cfde6cc552adedac69b72
          db/changelog/db.changelog-agri.sql::1.0.8::agrihub was: 9:72b79ece6e81490f7b7c5874a725b440 but is now: 9:02d55816f5d9c79d524343045d953a38
          db/changelog/db.changelog-agri.sql::1.0.9::agrihub was: 9:36e269c2c6c6b1b4d716814b9147b6f3 but is now: 9:30a79ed73a32d0620833f343f1948615
          db/changelog/db.changelog-agri.sql::1.0.10::agrihub was: 9:5a317952df5d6584a303c6834423e722 but is now: 9:dd4b5c294341d5cf55dbfb49f8799170

	at org.springframework.beans.factory.support.AbstractAutowireCapableBeanFactory.initializeBean(AbstractAutowireCapableBeanFactory.java:1786) ~[spring-beans-6.1.4.jar:6.1.4]
	at org.springframework.beans.factory.support.AbstractAutowireCapableBeanFactory.doCreateBean(AbstractAutowireCapableBeanFactory.java:600) ~[spring-beans-6.1.4.jar:6.1.4]
	at org.springframework.beans.factory.support.AbstractAutowireCapableBeanFactory.createBean(AbstractAutowireCapableBeanFactory.java:522) ~[spring-beans-6.1.4.jar:6.1.4]
	at org.springframework.beans.factory.support.AbstractBeanFactory.lambda$doGetBean$0(AbstractBeanFactory.java:325) ~[spring-beans-6.1.4.jar:6.1.4]
	at org.springframework.beans.factory.support.DefaultSingletonBeanRegistry.getSingleton(DefaultSingletonBeanRegistry.java:234) ~[spring-beans-6.1.4.jar:6.1.4]
	at org.springframework.beans.factory.support.AbstractBeanFactory.doGetBean(AbstractBeanFactory.java:323) ~[spring-beans-6.1.4.jar:6.1.4]
	at org.springframework.beans.factory.support.AbstractBeanFactory.getBean(AbstractBeanFactory.java:199) ~[spring-beans-6.1.4.jar:6.1.4]
	at org.springframework.beans.factory.support.AbstractBeanFactory.doGetBean(AbstractBeanFactory.java:312) ~[spring-beans-6.1.4.jar:6.1.4]
	at org.springframework.beans.factory.support.AbstractBeanFactory.getBean(AbstractBeanFactory.java:199) ~[spring-beans-6.1.4.jar:6.1.4]
	at org.springframework.context.support.AbstractApplicationContext.getBean(AbstractApplicationContext.java:1231) ~[spring-context-6.1.4.jar:6.1.4]
	at org.springframework.context.support.AbstractApplicationContext.finishBeanFactoryInitialization(AbstractApplicationContext.java:949) ~[spring-context-6.1.4.jar:6.1.4]
	at org.springframework.context.support.AbstractApplicationContext.refresh(AbstractApplicationContext.java:624) ~[spring-context-6.1.4.jar:6.1.4]
	at org.springframework.boot.web.servlet.context.ServletWebServerApplicationContext.refresh(ServletWebServerApplicationContext.java:146) ~[spring-boot-3.2.3.jar:3.2.3]
	at org.springframework.boot.SpringApplication.refresh(SpringApplication.java:754) ~[spring-boot-3.2.3.jar:3.2.3]
	at org.springframework.boot.SpringApplication.refreshContext(SpringApplication.java:456) ~[spring-boot-3.2.3.jar:3.2.3]
	at org.springframework.boot.SpringApplication.run(SpringApplication.java:334) ~[spring-boot-3.2.3.jar:3.2.3]
	at org.springframework.boot.SpringApplication.run(SpringApplication.java:1354) ~[spring-boot-3.2.3.jar:3.2.3]
	at org.springframework.boot.SpringApplication.run(SpringApplication.java:1343) ~[spring-boot-3.2.3.jar:3.2.3]
	at com.agrifarms.common.AgriFarmsCommonServiceApplication.main(AgriFarmsCommonServiceApplication.java:15) ~[classes/:na]
	at java.base/jdk.internal.reflect.DirectMethodHandleAccessor.invoke(DirectMethodHandleAccessor.java:103) ~[na:na]
	at java.base/java.lang.reflect.Method.invoke(Method.java:580) ~[na:na]
	at org.springframework.boot.devtools.restart.RestartLauncher.run(RestartLauncher.java:50) ~[spring-boot-devtools-3.2.3.jar:3.2.3]
Caused by: liquibase.exception.CommandExecutionException: liquibase.exception.ValidationFailedException: Validation Failed:
     10 changesets check sum
          db/changelog/db.changelog-agri.sql::1.0.1::agrihub was: 9:2b4e136a41585e9e884bd578031fd6e4 but is now: 9:a8ae5e737fa58c858c0bc0bc9c35834c
          db/changelog/db.changelog-agri.sql::1.0.2::agrihub was: 9:5796b158d04b9453525dc26190528f5d but is now: 9:25a92c7aec18678c93a7174122165f68
          db/changelog/db.changelog-agri.sql::1.0.3::agrihub was: 9:90157db6409160beb0b3dd1e4956e8d2 but is now: 9:c106dbed44ba70fb19c0563d7664bb52
          db/changelog/db.changelog-agri.sql::1.0.4::agrihub was: 9:92c49a1862b1a0d732fb15749f263ffc but is now: 9:0b4193358b63b5c7fe4f9f86125fd948
          db/changelog/db.changelog-agri.sql::1.0.5::agrihub was: 9:32c28f9b004e541ecccce4efb500356c but is now: 9:19ce1b7ffbf419d5c2766765abc3a4f2
          db/changelog/db.changelog-agri.sql::1.0.6::agrihub was: 9:eb34f863bfa8763fba05b68f9f0ada0d but is now: 9:e20abde0a338541f2196d54bebc6b1de
          db/changelog/db.changelog-agri.sql::1.0.7::agrihub was: 9:b0c7bd739c91ba65d3cf96be1098ce7e but is now: 9:05fe16c3004cfde6cc552adedac69b72
          db/changelog/db.changelog-agri.sql::1.0.8::agrihub was: 9:72b79ece6e81490f7b7c5874a725b440 but is now: 9:02d55816f5d9c79d524343045d953a38
          db/changelog/db.changelog-agri.sql::1.0.9::agrihub was: 9:36e269c2c6c6b1b4d716814b9147b6f3 but is now: 9:30a79ed73a32d0620833f343f1948615
          db/changelog/db.changelog-agri.sql::1.0.10::agrihub was: 9:5a317952df5d6584a303c6834423e722 but is now: 9:dd4b5c294341d5cf55dbfb49f8799170

	at liquibase.command.CommandScope.execute(CommandScope.java:237) ~[liquibase-core-4.24.0.jar:na]
	at liquibase.Liquibase.lambda$update$0(Liquibase.java:222) ~[liquibase-core-4.24.0.jar:na]
	at liquibase.Scope.lambda$child$0(Scope.java:184) ~[liquibase-core-4.24.0.jar:na]
	at liquibase.Scope.child(Scope.java:193) ~[liquibase-core-4.24.0.jar:na]
	at liquibase.Scope.child(Scope.java:183) ~[liquibase-core-4.24.0.jar:na]
	at liquibase.Scope.child(Scope.java:162) ~[liquibase-core-4.24.0.jar:na]
	at liquibase.Liquibase.runInScope(Liquibase.java:1371) ~[liquibase-core-4.24.0.jar:na]
	at liquibase.Liquibase.update(Liquibase.java:211) ~[liquibase-core-4.24.0.jar:na]
	at liquibase.Liquibase.update(Liquibase.java:193) ~[liquibase-core-4.24.0.jar:na]
	at liquibase.integration.spring.SpringLiquibase.performUpdate(SpringLiquibase.java:331) ~[liquibase-core-4.24.0.jar:na]
	at liquibase.integration.spring.SpringLiquibase.afterPropertiesSet(SpringLiquibase.java:286) ~[liquibase-core-4.24.0.jar:na]
	at org.springframework.beans.factory.support.AbstractAutowireCapableBeanFactory.invokeInitMethods(AbstractAutowireCapableBeanFactory.java:1833) ~[spring-beans-6.1.4.jar:6.1.4]
	at org.springframework.beans.factory.support.AbstractAutowireCapableBeanFactory.initializeBean(AbstractAutowireCapableBeanFactory.java:1782) ~[spring-beans-6.1.4.jar:6.1.4]
	... 21 common frames omitted
Caused by: liquibase.exception.ValidationFailedException: Validation Failed:
     10 changesets check sum
          db/changelog/db.changelog-agri.sql::1.0.1::agrihub was: 9:2b4e136a41585e9e884bd578031fd6e4 but is now: 9:a8ae5e737fa58c858c0bc0bc9c35834c
          db/changelog/db.changelog-agri.sql::1.0.2::agrihub was: 9:5796b158d04b9453525dc26190528f5d but is now: 9:25a92c7aec18678c93a7174122165f68
          db/changelog/db.changelog-agri.sql::1.0.3::agrihub was: 9:90157db6409160beb0b3dd1e4956e8d2 but is now: 9:c106dbed44ba70fb19c0563d7664bb52
          db/changelog/db.changelog-agri.sql::1.0.4::agrihub was: 9:92c49a1862b1a0d732fb15749f263ffc but is now: 9:0b4193358b63b5c7fe4f9f86125fd948
          db/changelog/db.changelog-agri.sql::1.0.5::agrihub was: 9:32c28f9b004e541ecccce4efb500356c but is now: 9:19ce1b7ffbf419d5c2766765abc3a4f2
          db/changelog/db.changelog-agri.sql::1.0.6::agrihub was: 9:eb34f863bfa8763fba05b68f9f0ada0d but is now: 9:e20abde0a338541f2196d54bebc6b1de
          db/changelog/db.changelog-agri.sql::1.0.7::agrihub was: 9:b0c7bd739c91ba65d3cf96be1098ce7e but is now: 9:05fe16c3004cfde6cc552adedac69b72
          db/changelog/db.changelog-agri.sql::1.0.8::agrihub was: 9:72b79ece6e81490f7b7c5874a725b440 but is now: 9:02d55816f5d9c79d524343045d953a38
          db/changelog/db.changelog-agri.sql::1.0.9::agrihub was: 9:36e269c2c6c6b1b4d716814b9147b6f3 but is now: 9:30a79ed73a32d0620833f343f1948615
          db/changelog/db.changelog-agri.sql::1.0.10::agrihub was: 9:5a317952df5d6584a303c6834423e722 but is now: 9:dd4b5c294341d5cf55dbfb49f8799170

	at liquibase.changelog.DatabaseChangeLog.validate(DatabaseChangeLog.java:353) ~[liquibase-core-4.24.0.jar:na]
	at liquibase.command.core.helpers.DatabaseChangelogCommandStep.run(DatabaseChangelogCommandStep.java:92) ~[liquibase-core-4.24.0.jar:na]
	at liquibase.command.CommandScope.execute(CommandScope.java:214) ~[liquibase-core-4.24.0.jar:na]
	... 33 common frames omitted

[INFO] ------------------------------------------------------------------------
[INFO] BUILD SUCCESS
[INFO] ------------------------------------------------------------------------
[INFO] Total time:  10.290 s
[INFO] Finished at: 2026-03-27T14:51:54+05:30
[INFO] ------------------------------------------------------------------------
