[INFO] Scanning for projects...
[INFO] 
[INFO] --------------< com.agrifarms:agri-farms-common-service >---------------
[INFO] Building agri-farms-common-service 0.0.1-SNAPSHOT
[INFO]   from pom.xml
[INFO] --------------------------------[ jar ]---------------------------------
[INFO] 
[INFO] >>> spring-boot:3.2.3:run (default-cli) > test-compile @ agri-farms-common-service >>>
[INFO] 
[INFO] --- resources:3.3.1:resources (default-resources) @ agri-farms-common-service ---
[INFO] Copying 1 resource from src\main\resources to target\classes
[INFO] Copying 2 resources from src\main\resources to target\classes
[INFO] 
[INFO] --- compiler:3.11.0:compile (default-compile) @ agri-farms-common-service ---
[INFO] Nothing to compile - all classes are up to date
[INFO] 
[INFO] --- resources:3.3.1:testResources (default-testResources) @ agri-farms-common-service ---
[INFO] skip non existing resourceDirectory C:\Users\humer\Desktop\TX Projects\AgriFarms\agrifarm-common-service\src\test\resources
[INFO] 
[INFO] --- compiler:3.11.0:testCompile (default-testCompile) @ agri-farms-common-service ---
[INFO] No sources to compile
[INFO] 
[INFO] <<< spring-boot:3.2.3:run (default-cli) < test-compile @ agri-farms-common-service <<<
[INFO] 
[INFO] 
[INFO] --- spring-boot:3.2.3:run (default-cli) @ agri-farms-common-service ---
[INFO] Attaching agents: []

  .   ____          _            __ _ _
 /\\ / ___'_ __ _ _(_)_ __  __ _ \ \ \ \
( ( )\___ | '_ | '_| | '_ \/ _` | \ \ \ \
 \\/  ___)| |_)| | | | | || (_| |  ) ) ) )
  '  |____| .__|_| |_|_| |_\__, | / / / /
 =========|_|==============|___/=/_/_/_/
 :: Spring Boot ::                (v3.2.3)

2026-03-27T15:21:20.941+05:30  INFO 4772 --- [agri-farms-common-service] [  restartedMain] c.a.c.AgriFarmsCommonServiceApplication  : Starting AgriFarmsCommonServiceApplication using Java 21.0.6 with PID 4772 (C:\Users\humer\Desktop\TX Projects\AgriFarms\agrifarm-common-service\target\classes started by humer in C:\Users\humer\Desktop\TX Projects\AgriFarms\agrifarm-common-service)
2026-03-27T15:21:20.944+05:30  INFO 4772 --- [agri-farms-common-service] [  restartedMain] c.a.c.AgriFarmsCommonServiceApplication  : No active profile set, falling back to 1 default profile: "default"
2026-03-27T15:21:21.025+05:30  INFO 4772 --- [agri-farms-common-service] [  restartedMain] .e.DevToolsPropertyDefaultsPostProcessor : Devtools property defaults active! Set 'spring.devtools.add-properties' to 'false' to disable
2026-03-27T15:21:21.025+05:30  INFO 4772 --- [agri-farms-common-service] [  restartedMain] .e.DevToolsPropertyDefaultsPostProcessor : For additional web related logging consider setting the 'logging.level.web' property to 'DEBUG'
2026-03-27T15:21:21.766+05:30  INFO 4772 --- [agri-farms-common-service] [  restartedMain] .s.d.r.c.RepositoryConfigurationDelegate : Bootstrapping Spring Data JPA repositories in DEFAULT mode.
2026-03-27T15:21:21.850+05:30  INFO 4772 --- [agri-farms-common-service] [  restartedMain] .s.d.r.c.RepositoryConfigurationDelegate : Finished Spring Data repository scanning in 73 ms. Found 7 JPA repository interfaces.
2026-03-27T15:21:22.532+05:30  INFO 4772 --- [agri-farms-common-service] [  restartedMain] o.s.b.w.embedded.tomcat.TomcatWebServer  : Tomcat initialized with port 8083 (http)
2026-03-27T15:21:22.544+05:30  INFO 4772 --- [agri-farms-common-service] [  restartedMain] o.apache.catalina.core.StandardService   : Starting service [Tomcat]
2026-03-27T15:21:22.544+05:30  INFO 4772 --- [agri-farms-common-service] [  restartedMain] o.apache.catalina.core.StandardEngine    : Starting Servlet engine: [Apache Tomcat/10.1.19]
2026-03-27T15:21:22.587+05:30  INFO 4772 --- [agri-farms-common-service] [  restartedMain] o.a.c.c.C.[Tomcat].[localhost].[/]       : Initializing Spring embedded WebApplicationContext
2026-03-27T15:21:22.588+05:30  INFO 4772 --- [agri-farms-common-service] [  restartedMain] w.s.c.ServletWebServerApplicationContext : Root WebApplicationContext: initialization completed in 1561 ms
2026-03-27T15:21:22.711+05:30  INFO 4772 --- [agri-farms-common-service] [  restartedMain] com.zaxxer.hikari.HikariDataSource       : HikariPool-1 - Starting...
2026-03-27T15:21:23.042+05:30  INFO 4772 --- [agri-farms-common-service] [  restartedMain] com.zaxxer.hikari.pool.HikariPool        : HikariPool-1 - Added connection org.postgresql.jdbc.PgConnection@5636a12b
2026-03-27T15:21:23.044+05:30  INFO 4772 --- [agri-farms-common-service] [  restartedMain] com.zaxxer.hikari.HikariDataSource       : HikariPool-1 - Start completed.
2026-03-27T15:21:23.549+05:30  INFO 4772 --- [agri-farms-common-service] [  restartedMain] liquibase.database                       : Set default schema name to public
2026-03-27T15:21:24.010+05:30  INFO 4772 --- [agri-farms-common-service] [  restartedMain] liquibase.changelog                      : Reading from public.databasechangelog
2026-03-27T15:21:24.527+05:30  INFO 4772 --- [agri-farms-common-service] [  restartedMain] liquibase.lockservice                    : Successfully acquired change log lock
2026-03-27T15:21:24.543+05:30  INFO 4772 --- [agri-farms-common-service] [  restartedMain] liquibase.command                        : Using deploymentId: 4605084543
2026-03-27T15:21:24.561+05:30  INFO 4772 --- [agri-farms-common-service] [  restartedMain] liquibase.changelog                      : Reading from public.databasechangelog
Running Changeset: db/changelog/db.changelog-agri.sql::1.1.0::agrihub
2026-03-27T15:21:24.751+05:30  WARN 4772 --- [agri-farms-common-service] [  restartedMain] liquibase.executor                       : relation "users" already exists, skipping
2026-03-27T15:21:24.751+05:30  INFO 4772 --- [agri-farms-common-service] [  restartedMain] liquibase.changelog                      : Custom SQL executed
2026-03-27T15:21:24.767+05:30  INFO 4772 --- [agri-farms-common-service] [  restartedMain] liquibase.changelog                      : ChangeSet db/changelog/db.changelog-agri.sql::1.1.0::agrihub ran successfully in 86ms
Running Changeset: db/changelog/db.changelog-agri.sql::1.1.1::agrihub
2026-03-27T15:21:24.865+05:30  WARN 4772 --- [agri-farms-common-service] [  restartedMain] liquibase.executor                       : relation "services" already exists, skipping
2026-03-27T15:21:24.865+05:30  INFO 4772 --- [agri-farms-common-service] [  restartedMain] liquibase.changelog                      : Custom SQL executed
2026-03-27T15:21:24.879+05:30  INFO 4772 --- [agri-farms-common-service] [  restartedMain] liquibase.changelog                      : ChangeSet db/changelog/db.changelog-agri.sql::1.1.1::agrihub ran successfully in 49ms
Running Changeset: db/changelog/db.changelog-agri.sql::1.1.2::agrihub
2026-03-27T15:21:24.941+05:30  WARN 4772 --- [agri-farms-common-service] [  restartedMain] liquibase.executor                       : relation "equipment" already exists, skipping
2026-03-27T15:21:24.943+05:30  INFO 4772 --- [agri-farms-common-service] [  restartedMain] liquibase.changelog                      : Custom SQL executed
2026-03-27T15:21:24.971+05:30  INFO 4772 --- [agri-farms-common-service] [  restartedMain] liquibase.changelog                      : ChangeSet db/changelog/db.changelog-agri.sql::1.1.2::agrihub ran successfully in 61ms
Running Changeset: db/changelog/db.changelog-agri.sql::1.1.3::agrihub
2026-03-27T15:21:25.045+05:30  WARN 4772 --- [agri-farms-common-service] [  restartedMain] liquibase.executor                       : relation "transport_vehicles" already exists, skipping
2026-03-27T15:21:25.046+05:30  INFO 4772 --- [agri-farms-common-service] [  restartedMain] liquibase.changelog                      : Custom SQL executed
2026-03-27T15:21:25.059+05:30  INFO 4772 --- [agri-farms-common-service] [  restartedMain] liquibase.changelog                      : ChangeSet db/changelog/db.changelog-agri.sql::1.1.3::agrihub ran successfully in 58ms
Running Changeset: db/changelog/db.changelog-agri.sql::1.1.4::agrihub
2026-03-27T15:21:25.123+05:30  WARN 4772 --- [agri-farms-common-service] [  restartedMain] liquibase.executor                       : relation "worker_groups" already exists, skipping
2026-03-27T15:21:25.124+05:30  INFO 4772 --- [agri-farms-common-service] [  restartedMain] liquibase.changelog                      : Custom SQL executed
2026-03-27T15:21:25.136+05:30  INFO 4772 --- [agri-farms-common-service] [  restartedMain] liquibase.changelog                      : ChangeSet db/changelog/db.changelog-agri.sql::1.1.4::agrihub ran successfully in 44ms
Running Changeset: db/changelog/db.changelog-agri.sql::1.1.5::agrihub
2026-03-27T15:21:25.198+05:30  WARN 4772 --- [agri-farms-common-service] [  restartedMain] liquibase.executor                       : relation "worker_group_roles" already exists, skipping
2026-03-27T15:21:25.198+05:30  INFO 4772 --- [agri-farms-common-service] [  restartedMain] liquibase.changelog                      : Custom SQL executed
2026-03-27T15:21:25.213+05:30  INFO 4772 --- [agri-farms-common-service] [  restartedMain] liquibase.changelog                      : ChangeSet db/changelog/db.changelog-agri.sql::1.1.5::agrihub ran successfully in 45ms
Running Changeset: db/changelog/db.changelog-agri.sql::1.1.6::agrihub
2026-03-27T15:21:25.268+05:30  WARN 4772 --- [agri-farms-common-service] [  restartedMain] liquibase.executor                       : relation "bookings" already exists, skipping
2026-03-27T15:21:25.268+05:30  INFO 4772 --- [agri-farms-common-service] [  restartedMain] liquibase.changelog                      : Custom SQL executed
2026-03-27T15:21:25.295+05:30  INFO 4772 --- [agri-farms-common-service] [  restartedMain] liquibase.changelog                      : ChangeSet db/changelog/db.changelog-agri.sql::1.1.6::agrihub ran successfully in 54ms
Running Changeset: db/changelog/db.changelog-agri.sql::1.1.7::agrihub
2026-03-27T15:21:25.494+05:30  INFO 4772 --- [agri-farms-common-service] [  restartedMain] liquibase.changelog                      : Custom SQL executed
2026-03-27T15:21:25.507+05:30  INFO 4772 --- [agri-farms-common-service] [  restartedMain] liquibase.changelog                      : ChangeSet db/changelog/db.changelog-agri.sql::1.1.7::agrihub ran successfully in 179ms
Running Changeset: db/changelog/db.changelog-agri.sql::1.1.8::agrihub
2026-03-27T15:21:25.606+05:30  INFO 4772 --- [agri-farms-common-service] [  restartedMain] liquibase.changelog                      : Custom SQL executed
2026-03-27T15:21:25.621+05:30  INFO 4772 --- [agri-farms-common-service] [  restartedMain] liquibase.changelog                      : ChangeSet db/changelog/db.changelog-agri.sql::1.1.8::agrihub ran successfully in 79ms
Running Changeset: db/changelog/db.changelog-agri.sql::1.1.9::agrihub
2026-03-27T15:21:25.899+05:30  INFO 4772 --- [agri-farms-common-service] [  restartedMain] liquibase.changelog                      : Custom SQL executed
2026-03-27T15:21:25.912+05:30  INFO 4772 --- [agri-farms-common-service] [  restartedMain] liquibase.changelog                      : ChangeSet db/changelog/db.changelog-agri.sql::1.1.9::agrihub ran successfully in 257ms
Running Changeset: db/changelog/db.changelog-agri.sql::1.1.10::agrihub
2026-03-27T15:21:25.996+05:30  WARN 4772 --- [agri-farms-common-service] [  restartedMain] liquibase.executor                       : relation "user_notifications" already exists, skipping
2026-03-27T15:21:25.997+05:30  INFO 4772 --- [agri-farms-common-service] [  restartedMain] liquibase.changelog                      : Custom SQL executed
2026-03-27T15:21:26.007+05:30  INFO 4772 --- [agri-farms-common-service] [  restartedMain] liquibase.changelog                      : ChangeSet db/changelog/db.changelog-agri.sql::1.1.10::agrihub ran successfully in 53ms
Running Changeset: db/changelog/db.changelog-agri.sql::1.1.11::agrihub
2026-03-27T15:21:26.140+05:30  INFO 4772 --- [agri-farms-common-service] [  restartedMain] liquibase.changelog                      : Custom SQL executed
2026-03-27T15:21:26.155+05:30  INFO 4772 --- [agri-farms-common-service] [  restartedMain] liquibase.changelog                      : ChangeSet db/changelog/db.changelog-agri.sql::1.1.11::agrihub ran successfully in 111ms
2026-03-27T15:21:26.201+05:30  INFO 4772 --- [agri-farms-common-service] [  restartedMain] liquibase.util                           : UPDATE SUMMARY
2026-03-27T15:21:26.202+05:30  INFO 4772 --- [agri-farms-common-service] [  restartedMain] liquibase.util                           : Run:                         12
2026-03-27T15:21:26.202+05:30  INFO 4772 --- [agri-farms-common-service] [  restartedMain] liquibase.util                           : Previously run:               0
2026-03-27T15:21:26.202+05:30  INFO 4772 --- [agri-farms-common-service] [  restartedMain] liquibase.util                           : Filtered out:                 0
2026-03-27T15:21:26.202+05:30  INFO 4772 --- [agri-farms-common-service] [  restartedMain] liquibase.util                           : -------------------------------
2026-03-27T15:21:26.202+05:30  INFO 4772 --- [agri-farms-common-service] [  restartedMain] liquibase.util                           : Total change sets:           12
2026-03-27T15:21:26.203+05:30  INFO 4772 --- [agri-farms-common-service] [  restartedMain] liquibase.util                           : Update summary generated
2026-03-27T15:21:26.209+05:30  INFO 4772 --- [agri-farms-common-service] [  restartedMain] liquibase.command                        : Update command completed successfully.
Liquibase: Update has been successful. Rows affected: 12
2026-03-27T15:21:26.281+05:30  INFO 4772 --- [agri-farms-common-service] [  restartedMain] liquibase.lockservice                    : Successfully released change log lock
2026-03-27T15:21:26.300+05:30  INFO 4772 --- [agri-farms-common-service] [  restartedMain] liquibase.command                        : Command execution complete
2026-03-27T15:21:26.538+05:30  INFO 4772 --- [agri-farms-common-service] [  restartedMain] o.hibernate.jpa.internal.util.LogHelper  : HHH000204: Processing PersistenceUnitInfo [name: default]
2026-03-27T15:21:26.726+05:30  INFO 4772 --- [agri-farms-common-service] [  restartedMain] org.hibernate.Version                    : HHH000412: Hibernate ORM core version 6.4.4.Final
2026-03-27T15:21:26.814+05:30  INFO 4772 --- [agri-farms-common-service] [  restartedMain] o.h.c.internal.RegionFactoryInitiator    : HHH000026: Second-level cache disabled
2026-03-27T15:21:27.366+05:30  INFO 4772 --- [agri-farms-common-service] [  restartedMain] o.s.o.j.p.SpringPersistenceUnitInfo      : No LoadTimeWeaver setup: ignoring JPA class transformer
2026-03-27T15:21:27.539+05:30  WARN 4772 --- [agri-farms-common-service] [  restartedMain] org.hibernate.orm.deprecation            : HHH90000025: PostgreSQLDialect does not need to be specified explicitly using 'hibernate.dialect' (remove the property setting and it will be selected by default)
2026-03-27T15:21:29.939+05:30  INFO 4772 --- [agri-farms-common-service] [  restartedMain] o.h.e.t.j.p.i.JtaPlatformInitiator       : HHH000489: No JTA platform available (set 'hibernate.transaction.jta.platform' to enable JTA platform integration)
2026-03-27T15:21:30.171+05:30  INFO 4772 --- [agri-farms-common-service] [  restartedMain] j.LocalContainerEntityManagerFactoryBean : Initialized JPA EntityManagerFactory for persistence unit 'default'
WARNING: agrifarms-firebase-service-account.json not found in resources. Firebase Admin SDK not initialized.
2026-03-27T15:21:31.271+05:30  WARN 4772 --- [agri-farms-common-service] [  restartedMain] JpaBaseConfiguration$JpaWebConfiguration : spring.jpa.open-in-view is enabled by default. Therefore, database queries may be performed during view rendering. Explicitly configure spring.jpa.open-in-view to disable this warning
2026-03-27T15:21:32.056+05:30  INFO 4772 --- [agri-farms-common-service] [  restartedMain] o.s.b.d.a.OptionalLiveReloadServer       : LiveReload server is running on port 35729
2026-03-27T15:21:32.127+05:30  INFO 4772 --- [agri-farms-common-service] [  restartedMain] o.s.b.w.embedded.tomcat.TomcatWebServer  : Tomcat started on port 8083 (http) with context path ''
2026-03-27T15:21:32.144+05:30  INFO 4772 --- [agri-farms-common-service] [  restartedMain] c.a.c.AgriFarmsCommonServiceApplication  : Started AgriFarmsCommonServiceApplication in 11.693 seconds (process running for 12.148)
[INFO] ------------------------------------------------------------------------
[INFO] BUILD FAILURE
[INFO] ------------------------------------------------------------------------
[INFO] Total time:  05:33 min
[INFO] Finished at: 2026-03-27T15:26:50+05:30
[INFO] ------------------------------------------------------------------------
[ERROR] Failed to execute goal org.springframework.boot:spring-boot-maven-plugin:3.2.3:run (default-cli) on project agri-farms-common-service: Process terminated with exit code: 1 -> [Help 1]
[ERROR] 
[ERROR] To see the full stack trace of the errors, re-run Maven with the -e switch.
[ERROR] Re-run Maven using the -X switch to enable full debug logging.
[ERROR] 
[ERROR] For more information about the errors and possible solutions, please read the following articles:
[ERROR] [Help 1] http://cwiki.apache.org/confluence/display/MAVEN/MojoExecutionException
