[INFO] Scanning for projects...
[INFO] 
[INFO] --------------< com.agrifarms:agri-farms-common-service >---------------
[INFO] Building agri-farms-common-service 0.0.1-SNAPSHOT
[INFO]   from pom.xml
[INFO] --------------------------------[ jar ]---------------------------------
[INFO] 
[INFO] >>> spring-boot:3.2.3:run (default-cli) > test-compile @ agri-farms-common-service >>>
[INFO] 
[INFO] --- resources:3.3.1:resources (default-resources) @ agri-farms-common-service ---
[INFO] Copying 1 resource from src\main\resources to target\classes
[INFO] Copying 3 resources from src\main\resources to target\classes
[INFO] 
[INFO] --- compiler:3.11.0:compile (default-compile) @ agri-farms-common-service ---
[INFO] Nothing to compile - all classes are up to date
[INFO] 
[INFO] --- resources:3.3.1:testResources (default-testResources) @ agri-farms-common-service ---
[INFO] skip non existing resourceDirectory C:\Users\humer\Desktop\TX Projects\AgriFarms\agrifarm-common-service\src\test\resources
[INFO] 
[INFO] --- compiler:3.11.0:testCompile (default-testCompile) @ agri-farms-common-service ---
[INFO] No sources to compile
[INFO] 
[INFO] <<< spring-boot:3.2.3:run (default-cli) < test-compile @ agri-farms-common-service <<<
[INFO] 
[INFO] 
[INFO] --- spring-boot:3.2.3:run (default-cli) @ agri-farms-common-service ---
[INFO] Attaching agents: []

  .   ____          _            __ _ _
 /\\ / ___'_ __ _ _(_)_ __  __ _ \ \ \ \
( ( )\___ | '_ | '_| | '_ \/ _` | \ \ \ \
 \\/  ___)| |_)| | | | | || (_| |  ) ) ) )
  '  |____| .__|_| |_|_| |_\__, | / / / /
 =========|_|==============|___/=/_/_/_/
 :: Spring Boot ::                (v3.2.3)

2026-04-07T17:59:25.751+05:30  INFO 9316 --- [agri-farms-common-service] [  restartedMain] c.a.c.AgriFarmsCommonServiceApplication  : Starting AgriFarmsCommonServiceApplication using Java 21.0.6 with PID 9316 (C:\Users\humer\Desktop\TX Projects\AgriFarms\agrifarm-common-service\target\classes started by humer in C:\Users\humer\Desktop\TX Projects\AgriFarms\agrifarm-common-service)
2026-04-07T17:59:25.758+05:30  INFO 9316 --- [agri-farms-common-service] [  restartedMain] c.a.c.AgriFarmsCommonServiceApplication  : No active profile set, falling back to 1 default profile: "default"
2026-04-07T17:59:25.834+05:30  INFO 9316 --- [agri-farms-common-service] [  restartedMain] .e.DevToolsPropertyDefaultsPostProcessor : Devtools property defaults active! Set 'spring.devtools.add-properties' to 'false' to disable
2026-04-07T17:59:25.834+05:30  INFO 9316 --- [agri-farms-common-service] [  restartedMain] .e.DevToolsPropertyDefaultsPostProcessor : For additional web related logging consider setting the 'logging.level.web' property to 'DEBUG'
2026-04-07T17:59:26.499+05:30  INFO 9316 --- [agri-farms-common-service] [  restartedMain] .s.d.r.c.RepositoryConfigurationDelegate : Bootstrapping Spring Data JPA repositories in DEFAULT mode.
2026-04-07T17:59:26.559+05:30  INFO 9316 --- [agri-farms-common-service] [  restartedMain] .s.d.r.c.RepositoryConfigurationDelegate : Finished Spring Data repository scanning in 54 ms. Found 7 JPA repository interfaces.
2026-04-07T17:59:27.122+05:30  INFO 9316 --- [agri-farms-common-service] [  restartedMain] o.s.b.w.embedded.tomcat.TomcatWebServer  : Tomcat initialized with port 8083 (http)
2026-04-07T17:59:27.131+05:30  INFO 9316 --- [agri-farms-common-service] [  restartedMain] o.apache.catalina.core.StandardService   : Starting service [Tomcat]
2026-04-07T17:59:27.131+05:30  INFO 9316 --- [agri-farms-common-service] [  restartedMain] o.apache.catalina.core.StandardEngine    : Starting Servlet engine: [Apache Tomcat/10.1.19]
2026-04-07T17:59:27.176+05:30  INFO 9316 --- [agri-farms-common-service] [  restartedMain] o.a.c.c.C.[Tomcat].[localhost].[/]       : Initializing Spring embedded WebApplicationContext
2026-04-07T17:59:27.176+05:30  INFO 9316 --- [agri-farms-common-service] [  restartedMain] w.s.c.ServletWebServerApplicationContext : Root WebApplicationContext: initialization completed in 1341 ms
2026-04-07T17:59:27.281+05:30  INFO 9316 --- [agri-farms-common-service] [  restartedMain] com.zaxxer.hikari.HikariDataSource       : HikariPool-1 - Starting...
2026-04-07T17:59:27.879+05:30  INFO 9316 --- [agri-farms-common-service] [  restartedMain] com.zaxxer.hikari.pool.HikariPool        : HikariPool-1 - Added connection org.postgresql.jdbc.PgConnection@11f9a2d0
2026-04-07T17:59:27.881+05:30  INFO 9316 --- [agri-farms-common-service] [  restartedMain] com.zaxxer.hikari.HikariDataSource       : HikariPool-1 - Start completed.
2026-04-07T17:59:28.470+05:30  INFO 9316 --- [agri-farms-common-service] [  restartedMain] liquibase.database                       : Set default schema name to public
2026-04-07T17:59:28.969+05:30  INFO 9316 --- [agri-farms-common-service] [  restartedMain] liquibase.changelog                      : Reading from public.databasechangelog
2026-04-07T17:59:29.798+05:30  INFO 9316 --- [agri-farms-common-service] [  restartedMain] liquibase.lockservice                    : Successfully acquired change log lock
2026-04-07T17:59:29.812+05:30  INFO 9316 --- [agri-farms-common-service] [  restartedMain] liquibase.command                        : Using deploymentId: 5564969812
2026-04-07T17:59:29.826+05:30  INFO 9316 --- [agri-farms-common-service] [  restartedMain] liquibase.changelog                      : Reading from public.databasechangelog
Running Changeset: db/changelog/db.changelog-workers.sql::1.1.12::agrihub
2026-04-07T17:59:30.154+05:30 ERROR 9316 --- [agri-farms-common-service] [  restartedMain] liquibase.changelog                      : ChangeSet db/changelog/db.changelog-workers.sql::1.1.12::agrihub encountered an exception.
2026-04-07T17:59:30.169+05:30  INFO 9316 --- [agri-farms-common-service] [  restartedMain] liquibase.command                        : Update command encountered an exception.
2026-04-07T17:59:30.212+05:30  INFO 9316 --- [agri-farms-common-service] [  restartedMain] liquibase.lockservice                    : Successfully released change log lock
2026-04-07T17:59:30.470+05:30  INFO 9316 --- [agri-farms-common-service] [  restartedMain] liquibase.command                        : Command execution complete
2026-04-07T17:59:30.485+05:30  WARN 9316 --- [agri-farms-common-service] [  restartedMain] ConfigServletWebServerApplicationContext : Exception encountered during context initialization - cancelling refresh attempt: org.springframework.beans.factory.BeanCreationException: Error creating bean with name 'liquibase' defined in class path resource [org/springframework/boot/autoconfigure/liquibase/LiquibaseAutoConfiguration$LiquibaseConfiguration.class]: liquibase.exception.LiquibaseException: liquibase.exception.MigrationFailedException: Migration failed for changeset db/changelog/db.changelog-workers.sql::1.1.12::agrihub:
     Reason: liquibase.exception.DatabaseException: ERROR: column "male_count" of relation "worker_groups" already exists [Failed SQL: (0) ALTER TABLE worker_groups ADD COLUMN male_count INTEGER DEFAULT 0]
2026-04-07T17:59:30.486+05:30  INFO 9316 --- [agri-farms-common-service] [  restartedMain] com.zaxxer.hikari.HikariDataSource       : HikariPool-1 - Shutdown initiated...
2026-04-07T17:59:30.699+05:30  INFO 9316 --- [agri-farms-common-service] [  restartedMain] com.zaxxer.hikari.HikariDataSource       : HikariPool-1 - Shutdown completed.
2026-04-07T17:59:30.703+05:30  INFO 9316 --- [agri-farms-common-service] [  restartedMain] o.apache.catalina.core.StandardService   : Stopping service [Tomcat]
2026-04-07T17:59:30.711+05:30  INFO 9316 --- [agri-farms-common-service] [  restartedMain] .s.b.a.l.ConditionEvaluationReportLogger : 

Error starting ApplicationContext. To display the condition evaluation report re-run your application with 'debug' enabled.
2026-04-07T17:59:30.724+05:30 ERROR 9316 --- [agri-farms-common-service] [  restartedMain] o.s.boot.SpringApplication               : Application run failed

org.springframework.beans.factory.BeanCreationException: Error creating bean with name 'liquibase' defined in class path resource [org/springframework/boot/autoconfigure/liquibase/LiquibaseAutoConfiguration$LiquibaseConfiguration.class]: liquibase.exception.LiquibaseException: liquibase.exception.MigrationFailedException: Migration failed for changeset db/changelog/db.changelog-workers.sql::1.1.12::agrihub:
     Reason: liquibase.exception.DatabaseException: ERROR: column "male_count" of relation "worker_groups" already exists [Failed SQL: (0) ALTER TABLE worker_groups ADD COLUMN male_count INTEGER DEFAULT 0]
	at org.springframework.beans.factory.support.AbstractAutowireCapableBeanFactory.initializeBean(AbstractAutowireCapableBeanFactory.java:1786) ~[spring-beans-6.1.4.jar:6.1.4]
	at org.springframework.beans.factory.support.AbstractAutowireCapableBeanFactory.doCreateBean(AbstractAutowireCapableBeanFactory.java:600) ~[spring-beans-6.1.4.jar:6.1.4]
	at org.springframework.beans.factory.support.AbstractAutowireCapableBeanFactory.createBean(AbstractAutowireCapableBeanFactory.java:522) ~[spring-beans-6.1.4.jar:6.1.4]
	at org.springframework.beans.factory.support.AbstractBeanFactory.lambda$doGetBean$0(AbstractBeanFactory.java:325) ~[spring-beans-6.1.4.jar:6.1.4]
	at org.springframework.beans.factory.support.DefaultSingletonBeanRegistry.getSingleton(DefaultSingletonBeanRegistry.java:234) ~[spring-beans-6.1.4.jar:6.1.4]
	at org.springframework.beans.factory.support.AbstractBeanFactory.doGetBean(AbstractBeanFactory.java:323) ~[spring-beans-6.1.4.jar:6.1.4]
	at org.springframework.beans.factory.support.AbstractBeanFactory.getBean(AbstractBeanFactory.java:199) ~[spring-beans-6.1.4.jar:6.1.4]
	at org.springframework.beans.factory.support.AbstractBeanFactory.doGetBean(AbstractBeanFactory.java:312) ~[spring-beans-6.1.4.jar:6.1.4]
	at org.springframework.beans.factory.support.AbstractBeanFactory.getBean(AbstractBeanFactory.java:199) ~[spring-beans-6.1.4.jar:6.1.4]
	at org.springframework.context.support.AbstractApplicationContext.getBean(AbstractApplicationContext.java:1231) ~[spring-context-6.1.4.jar:6.1.4]
	at org.springframework.context.support.AbstractApplicationContext.finishBeanFactoryInitialization(AbstractApplicationContext.java:949) ~[spring-context-6.1.4.jar:6.1.4]
	at org.springframework.context.support.AbstractApplicationContext.refresh(AbstractApplicationContext.java:624) ~[spring-context-6.1.4.jar:6.1.4]
	at org.springframework.boot.web.servlet.context.ServletWebServerApplicationContext.refresh(ServletWebServerApplicationContext.java:146) ~[spring-boot-3.2.3.jar:3.2.3]
	at org.springframework.boot.SpringApplication.refresh(SpringApplication.java:754) ~[spring-boot-3.2.3.jar:3.2.3]
	at org.springframework.boot.SpringApplication.refreshContext(SpringApplication.java:456) ~[spring-boot-3.2.3.jar:3.2.3]
	at org.springframework.boot.SpringApplication.run(SpringApplication.java:334) ~[spring-boot-3.2.3.jar:3.2.3]
	at org.springframework.boot.SpringApplication.run(SpringApplication.java:1354) ~[spring-boot-3.2.3.jar:3.2.3]
	at org.springframework.boot.SpringApplication.run(SpringApplication.java:1343) ~[spring-boot-3.2.3.jar:3.2.3]
	at com.agrifarms.common.AgriFarmsCommonServiceApplication.main(AgriFarmsCommonServiceApplication.java:17) ~[classes/:na]
	at java.base/jdk.internal.reflect.DirectMethodHandleAccessor.invoke(DirectMethodHandleAccessor.java:103) ~[na:na]
	at java.base/java.lang.reflect.Method.invoke(Method.java:580) ~[na:na]
	at org.springframework.boot.devtools.restart.RestartLauncher.run(RestartLauncher.java:50) ~[spring-boot-devtools-3.2.3.jar:3.2.3]
Caused by: liquibase.exception.CommandExecutionException: liquibase.exception.LiquibaseException: liquibase.exception.MigrationFailedException: Migration failed for changeset db/changelog/db.changelog-workers.sql::1.1.12::agrihub:
     Reason: liquibase.exception.DatabaseException: ERROR: column "male_count" of relation "worker_groups" already exists [Failed SQL: (0) ALTER TABLE worker_groups ADD COLUMN male_count INTEGER DEFAULT 0]
	at liquibase.command.CommandScope.execute(CommandScope.java:237) ~[liquibase-core-4.24.0.jar:na]
	at liquibase.Liquibase.lambda$update$0(Liquibase.java:222) ~[liquibase-core-4.24.0.jar:na]
	at liquibase.Scope.lambda$child$0(Scope.java:184) ~[liquibase-core-4.24.0.jar:na]
	at liquibase.Scope.child(Scope.java:193) ~[liquibase-core-4.24.0.jar:na]
	at liquibase.Scope.child(Scope.java:183) ~[liquibase-core-4.24.0.jar:na]
	at liquibase.Scope.child(Scope.java:162) ~[liquibase-core-4.24.0.jar:na]
	at liquibase.Liquibase.runInScope(Liquibase.java:1371) ~[liquibase-core-4.24.0.jar:na]
	at liquibase.Liquibase.update(Liquibase.java:211) ~[liquibase-core-4.24.0.jar:na]
	at liquibase.Liquibase.update(Liquibase.java:193) ~[liquibase-core-4.24.0.jar:na]
	at liquibase.integration.spring.SpringLiquibase.performUpdate(SpringLiquibase.java:331) ~[liquibase-core-4.24.0.jar:na]
	at liquibase.integration.spring.SpringLiquibase.afterPropertiesSet(SpringLiquibase.java:286) ~[liquibase-core-4.24.0.jar:na]
	at org.springframework.beans.factory.support.AbstractAutowireCapableBeanFactory.invokeInitMethods(AbstractAutowireCapableBeanFactory.java:1833) ~[spring-beans-6.1.4.jar:6.1.4]
	at org.springframework.beans.factory.support.AbstractAutowireCapableBeanFactory.initializeBean(AbstractAutowireCapableBeanFactory.java:1782) ~[spring-beans-6.1.4.jar:6.1.4]
	... 21 common frames omitted
Caused by: liquibase.exception.LiquibaseException: liquibase.exception.MigrationFailedException: Migration failed for changeset db/changelog/db.changelog-workers.sql::1.1.12::agrihub:
     Reason: liquibase.exception.DatabaseException: ERROR: column "male_count" of relation "worker_groups" already exists [Failed SQL: (0) ALTER TABLE worker_groups ADD COLUMN male_count INTEGER DEFAULT 0]
	at liquibase.changelog.ChangeLogIterator.run(ChangeLogIterator.java:122) ~[liquibase-core-4.24.0.jar:na]
	at liquibase.command.core.AbstractUpdateCommandStep.lambda$doRun$1(AbstractUpdateCommandStep.java:105) ~[liquibase-core-4.24.0.jar:na]
	at liquibase.Scope.lambda$child$0(Scope.java:184) ~[liquibase-core-4.24.0.jar:na]
	at liquibase.Scope.child(Scope.java:193) ~[liquibase-core-4.24.0.jar:na]
	at liquibase.Scope.child(Scope.java:183) ~[liquibase-core-4.24.0.jar:na]
	at liquibase.Scope.child(Scope.java:162) ~[liquibase-core-4.24.0.jar:na]
	at liquibase.command.core.AbstractUpdateCommandStep.doRun(AbstractUpdateCommandStep.java:104) ~[liquibase-core-4.24.0.jar:na]
	at liquibase.command.core.AbstractUpdateCommandStep.lambda$run$0(AbstractUpdateCommandStep.java:63) ~[liquibase-core-4.24.0.jar:na]
	at liquibase.Scope.lambda$child$0(Scope.java:184) ~[liquibase-core-4.24.0.jar:na]
	at liquibase.Scope.child(Scope.java:193) ~[liquibase-core-4.24.0.jar:na]
	at liquibase.Scope.child(Scope.java:183) ~[liquibase-core-4.24.0.jar:na]
	at liquibase.Scope.child(Scope.java:162) ~[liquibase-core-4.24.0.jar:na]
	at liquibase.command.core.AbstractUpdateCommandStep.run(AbstractUpdateCommandStep.java:62) ~[liquibase-core-4.24.0.jar:na]
	at liquibase.command.core.UpdateCommandStep.run(UpdateCommandStep.java:106) ~[liquibase-core-4.24.0.jar:na]
	at liquibase.command.CommandScope.execute(CommandScope.java:214) ~[liquibase-core-4.24.0.jar:na]
	... 33 common frames omitted
Caused by: liquibase.exception.MigrationFailedException: Migration failed for changeset db/changelog/db.changelog-workers.sql::1.1.12::agrihub:
     Reason: liquibase.exception.DatabaseException: ERROR: column "male_count" of relation "worker_groups" already exists [Failed SQL: (0) ALTER TABLE worker_groups ADD COLUMN male_count INTEGER DEFAULT 0]
	at liquibase.changelog.ChangeSet.execute(ChangeSet.java:785) ~[liquibase-core-4.24.0.jar:na]
	at liquibase.changelog.visitor.UpdateVisitor.executeAcceptedChange(UpdateVisitor.java:118) ~[liquibase-core-4.24.0.jar:na]
	at liquibase.changelog.visitor.UpdateVisitor.visit(UpdateVisitor.java:68) ~[liquibase-core-4.24.0.jar:na]
	at liquibase.changelog.ChangeLogIterator$2.lambda$run$0(ChangeLogIterator.java:110) ~[liquibase-core-4.24.0.jar:na]
	at liquibase.Scope.lambda$child$0(Scope.java:184) ~[liquibase-core-4.24.0.jar:na]
	at liquibase.Scope.child(Scope.java:193) ~[liquibase-core-4.24.0.jar:na]
	at liquibase.Scope.child(Scope.java:183) ~[liquibase-core-4.24.0.jar:na]
	at liquibase.Scope.child(Scope.java:162) ~[liquibase-core-4.24.0.jar:na]
	at liquibase.Scope.child(Scope.java:250) ~[liquibase-core-4.24.0.jar:na]
	at liquibase.changelog.ChangeLogIterator$2.run(ChangeLogIterator.java:100) ~[liquibase-core-4.24.0.jar:na]
	at liquibase.Scope.lambda$child$0(Scope.java:184) ~[liquibase-core-4.24.0.jar:na]
	at liquibase.Scope.child(Scope.java:193) ~[liquibase-core-4.24.0.jar:na]
	at liquibase.Scope.child(Scope.java:183) ~[liquibase-core-4.24.0.jar:na]
	at liquibase.Scope.child(Scope.java:162) ~[liquibase-core-4.24.0.jar:na]
	at liquibase.Scope.child(Scope.java:250) ~[liquibase-core-4.24.0.jar:na]
	at liquibase.Scope.child(Scope.java:254) ~[liquibase-core-4.24.0.jar:na]
	at liquibase.changelog.ChangeLogIterator.run(ChangeLogIterator.java:74) ~[liquibase-core-4.24.0.jar:na]
	... 47 common frames omitted
Caused by: liquibase.exception.DatabaseException: ERROR: column "male_count" of relation "worker_groups" already exists [Failed SQL: (0) ALTER TABLE worker_groups ADD COLUMN male_count INTEGER DEFAULT 0]
	at liquibase.executor.jvm.JdbcExecutor$ExecuteStatementCallback.doInStatement(JdbcExecutor.java:468) ~[liquibase-core-4.24.0.jar:na]
	at liquibase.executor.jvm.JdbcExecutor.execute(JdbcExecutor.java:77) ~[liquibase-core-4.24.0.jar:na]
	at liquibase.executor.jvm.JdbcExecutor.execute(JdbcExecutor.java:177) ~[liquibase-core-4.24.0.jar:na]
	at liquibase.database.AbstractJdbcDatabase.execute(AbstractJdbcDatabase.java:1291) ~[liquibase-core-4.24.0.jar:na]
	at liquibase.database.AbstractJdbcDatabase.executeStatements(AbstractJdbcDatabase.java:1273) ~[liquibase-core-4.24.0.jar:na]
	at liquibase.changelog.ChangeSet.execute(ChangeSet.java:744) ~[liquibase-core-4.24.0.jar:na]
	... 63 common frames omitted
Caused by: org.postgresql.util.PSQLException: ERROR: column "male_count" of relation "worker_groups" already exists
	at org.postgresql.core.v3.QueryExecutorImpl.receiveErrorResponse(QueryExecutorImpl.java:2713) ~[postgresql-42.6.1.jar:42.6.1]
	at org.postgresql.core.v3.QueryExecutorImpl.processResults(QueryExecutorImpl.java:2401) ~[postgresql-42.6.1.jar:42.6.1]
	at org.postgresql.core.v3.QueryExecutorImpl.execute(QueryExecutorImpl.java:368) ~[postgresql-42.6.1.jar:42.6.1]
	at org.postgresql.jdbc.PgStatement.executeInternal(PgStatement.java:498) ~[postgresql-42.6.1.jar:42.6.1]
	at org.postgresql.jdbc.PgStatement.execute(PgStatement.java:415) ~[postgresql-42.6.1.jar:42.6.1]
	at org.postgresql.jdbc.PgStatement.executeWithFlags(PgStatement.java:335) ~[postgresql-42.6.1.jar:42.6.1]
	at org.postgresql.jdbc.PgStatement.executeCachedSql(PgStatement.java:321) ~[postgresql-42.6.1.jar:42.6.1]
	at org.postgresql.jdbc.PgStatement.executeWithFlags(PgStatement.java:297) ~[postgresql-42.6.1.jar:42.6.1]
	at org.postgresql.jdbc.PgStatement.execute(PgStatement.java:292) ~[postgresql-42.6.1.jar:42.6.1]
	at com.zaxxer.hikari.pool.ProxyStatement.execute(ProxyStatement.java:94) ~[HikariCP-5.0.1.jar:na]
	at com.zaxxer.hikari.pool.HikariProxyStatement.execute(HikariProxyStatement.java) ~[HikariCP-5.0.1.jar:na]
	at liquibase.executor.jvm.JdbcExecutor$ExecuteStatementCallback.doInStatement(JdbcExecutor.java:462) ~[liquibase-core-4.24.0.jar:na]
	... 68 common frames omitted

[INFO] ------------------------------------------------------------------------
[INFO] BUILD SUCCESS
[INFO] ------------------------------------------------------------------------
[INFO] Total time:  8.966 s
[INFO] Finished at: 2026-04-07T17:59:30+05:30
[INFO] ------------------------------------------------------------------------
