[INFO] Scanning for projects...
[INFO] 
[INFO] --------------< com.agrifarms:agri-farms-common-service >---------------
[INFO] Building agri-farms-common-service 0.0.1-SNAPSHOT
[INFO]   from pom.xml
[INFO] --------------------------------[ jar ]---------------------------------
[INFO] 
[INFO] >>> spring-boot:3.2.3:run (default-cli) > test-compile @ agri-farms-common-service >>>
[INFO] 
[INFO] --- resources:3.3.1:resources (default-resources) @ agri-farms-common-service ---
[INFO] Copying 1 resource from src\main\resources to target\classes
[INFO] Copying 2 resources from src\main\resources to target\classes
[INFO] 
[INFO] --- compiler:3.11.0:compile (default-compile) @ agri-farms-common-service ---
[INFO] Nothing to compile - all classes are up to date
[INFO] 
[INFO] --- resources:3.3.1:testResources (default-testResources) @ agri-farms-common-service ---
[INFO] skip non existing resourceDirectory D:\company-work\agrifarm project\agrifarm-common-service\src\test\resources
[INFO] 
[INFO] --- compiler:3.11.0:testCompile (default-testCompile) @ agri-farms-common-service ---
[INFO] No sources to compile
[INFO] 
[INFO] <<< spring-boot:3.2.3:run (default-cli) < test-compile @ agri-farms-common-service <<<
[INFO] 
[INFO] 
[INFO] --- spring-boot:3.2.3:run (default-cli) @ agri-farms-common-service ---
[INFO] Attaching agents: []

  .   ____          _            __ _ _
 /\\ / ___'_ __ _ _(_)_ __  __ _ \ \ \ \
( ( )\___ | '_ | '_| | '_ \/ _` | \ \ \ \
 \\/  ___)| |_)| | | | | || (_| |  ) ) ) )
  '  |____| .__|_| |_|_| |_\__, | / / / /
 =========|_|==============|___/=/_/_/_/
 :: Spring Boot ::                (v3.2.3)

2026-02-21T16:39:36.303+05:30  INFO 9520 --- [agri-farms-common-service] [  restartedMain] c.a.c.AgriFarmsCommonServiceApplication  : Starting AgriFarmsCommonServiceApplication using Java 21.0.5 with PID 9520 (D:\company-work\agrifarm project\agrifarm-common-service\target\classes started by Hp in D:\company-work\agrifarm project\agrifarm-common-service)
2026-02-21T16:39:36.305+05:30  INFO 9520 --- [agri-farms-common-service] [  restartedMain] c.a.c.AgriFarmsCommonServiceApplication  : No active profile set, falling back to 1 default profile: "default"
2026-02-21T16:39:36.366+05:30  INFO 9520 --- [agri-farms-common-service] [  restartedMain] .e.DevToolsPropertyDefaultsPostProcessor : Devtools property defaults active! Set 'spring.devtools.add-properties' to 'false' to disable
2026-02-21T16:39:36.366+05:30  INFO 9520 --- [agri-farms-common-service] [  restartedMain] .e.DevToolsPropertyDefaultsPostProcessor : For additional web related logging consider setting the 'logging.level.web' property to 'DEBUG'
2026-02-21T16:39:37.014+05:30  INFO 9520 --- [agri-farms-common-service] [  restartedMain] .s.d.r.c.RepositoryConfigurationDelegate : Bootstrapping Spring Data JPA repositories in DEFAULT mode.
2026-02-21T16:39:37.083+05:30  INFO 9520 --- [agri-farms-common-service] [  restartedMain] .s.d.r.c.RepositoryConfigurationDelegate : Finished Spring Data repository scanning in 61 ms. Found 6 JPA repository interfaces.
2026-02-21T16:39:37.772+05:30  INFO 9520 --- [agri-farms-common-service] [  restartedMain] o.s.b.w.embedded.tomcat.TomcatWebServer  : Tomcat initialized with port 8083 (http)
2026-02-21T16:39:37.785+05:30  INFO 9520 --- [agri-farms-common-service] [  restartedMain] o.apache.catalina.core.StandardService   : Starting service [Tomcat]
2026-02-21T16:39:37.785+05:30  INFO 9520 --- [agri-farms-common-service] [  restartedMain] o.apache.catalina.core.StandardEngine    : Starting Servlet engine: [Apache Tomcat/10.1.19]
2026-02-21T16:39:37.832+05:30  INFO 9520 --- [agri-farms-common-service] [  restartedMain] o.a.c.c.C.[Tomcat].[localhost].[/]       : Initializing Spring embedded WebApplicationContext
2026-02-21T16:39:37.834+05:30  INFO 9520 --- [agri-farms-common-service] [  restartedMain] w.s.c.ServletWebServerApplicationContext : Root WebApplicationContext: initialization completed in 1466 ms
2026-02-21T16:39:37.971+05:30  INFO 9520 --- [agri-farms-common-service] [  restartedMain] com.zaxxer.hikari.HikariDataSource       : HikariPool-1 - Starting...
2026-02-21T16:39:38.959+05:30  INFO 9520 --- [agri-farms-common-service] [  restartedMain] com.zaxxer.hikari.pool.HikariPool        : HikariPool-1 - Added connection org.postgresql.jdbc.PgConnection@2dd80d31
2026-02-21T16:39:38.961+05:30  INFO 9520 --- [agri-farms-common-service] [  restartedMain] com.zaxxer.hikari.HikariDataSource       : HikariPool-1 - Start completed.
2026-02-21T16:39:39.187+05:30  INFO 9520 --- [agri-farms-common-service] [  restartedMain] liquibase.database                       : Set default schema name to public
2026-02-21T16:39:39.482+05:30  INFO 9520 --- [agri-farms-common-service] [  restartedMain] liquibase.changelog                      : Reading from public.databasechangelog
Database is up to date, no changesets to execute
2026-02-21T16:39:39.579+05:30  INFO 9520 --- [agri-farms-common-service] [  restartedMain] liquibase.changelog                      : Reading from public.databasechangelog
2026-02-21T16:39:39.613+05:30  INFO 9520 --- [agri-farms-common-service] [  restartedMain] liquibase.util                           : UPDATE SUMMARY
2026-02-21T16:39:39.613+05:30  INFO 9520 --- [agri-farms-common-service] [  restartedMain] liquibase.util                           : Run:                          0
2026-02-21T16:39:39.613+05:30  INFO 9520 --- [agri-farms-common-service] [  restartedMain] liquibase.util                           : Previously run:               9
2026-02-21T16:39:39.613+05:30  INFO 9520 --- [agri-farms-common-service] [  restartedMain] liquibase.util                           : Filtered out:                 0
2026-02-21T16:39:39.613+05:30  INFO 9520 --- [agri-farms-common-service] [  restartedMain] liquibase.util                           : -------------------------------
2026-02-21T16:39:39.613+05:30  INFO 9520 --- [agri-farms-common-service] [  restartedMain] liquibase.util                           : Total change sets:            9
2026-02-21T16:39:39.613+05:30  INFO 9520 --- [agri-farms-common-service] [  restartedMain] liquibase.util                           : Update summary generated
2026-02-21T16:39:39.667+05:30  INFO 9520 --- [agri-farms-common-service] [  restartedMain] liquibase.lockservice                    : Successfully released change log lock
2026-02-21T16:39:39.676+05:30  INFO 9520 --- [agri-farms-common-service] [  restartedMain] liquibase.command                        : Command execution complete
2026-02-21T16:39:39.771+05:30  INFO 9520 --- [agri-farms-common-service] [  restartedMain] o.hibernate.jpa.internal.util.LogHelper  : HHH000204: Processing PersistenceUnitInfo [name: default]
2026-02-21T16:39:39.863+05:30  INFO 9520 --- [agri-farms-common-service] [  restartedMain] org.hibernate.Version                    : HHH000412: Hibernate ORM core version 6.4.4.Final
2026-02-21T16:39:39.908+05:30  INFO 9520 --- [agri-farms-common-service] [  restartedMain] o.h.c.internal.RegionFactoryInitiator    : HHH000026: Second-level cache disabled
2026-02-21T16:39:40.191+05:30  INFO 9520 --- [agri-farms-common-service] [  restartedMain] o.s.o.j.p.SpringPersistenceUnitInfo      : No LoadTimeWeaver setup: ignoring JPA class transformer
2026-02-21T16:39:40.258+05:30  WARN 9520 --- [agri-farms-common-service] [  restartedMain] org.hibernate.orm.deprecation            : HHH90000025: PostgreSQLDialect does not need to be specified explicitly using 'hibernate.dialect' (remove the property setting and it will be selected by default)
2026-02-21T16:39:41.286+05:30  INFO 9520 --- [agri-farms-common-service] [  restartedMain] o.h.e.t.j.p.i.JtaPlatformInitiator       : HHH000489: No JTA platform available (set 'hibernate.transaction.jta.platform' to enable JTA platform integration)
2026-02-21T16:39:41.360+05:30  INFO 9520 --- [agri-farms-common-service] [  restartedMain] j.LocalContainerEntityManagerFactoryBean : Initialized JPA EntityManagerFactory for persistence unit 'default'
2026-02-21T16:39:41.370+05:30  WARN 9520 --- [agri-farms-common-service] [  restartedMain] ConfigServletWebServerApplicationContext : Exception encountered during context initialization - cancelling refresh attempt: org.springframework.beans.factory.BeanCreationException: Error creating bean with name 'bookingController': Lookup method resolution failed
2026-02-21T16:39:41.370+05:30  INFO 9520 --- [agri-farms-common-service] [  restartedMain] j.LocalContainerEntityManagerFactoryBean : Closing JPA EntityManagerFactory for persistence unit 'default'
2026-02-21T16:39:41.374+05:30  INFO 9520 --- [agri-farms-common-service] [  restartedMain] com.zaxxer.hikari.HikariDataSource       : HikariPool-1 - Shutdown initiated...
2026-02-21T16:39:41.376+05:30  INFO 9520 --- [agri-farms-common-service] [  restartedMain] com.zaxxer.hikari.HikariDataSource       : HikariPool-1 - Shutdown completed.
2026-02-21T16:39:41.377+05:30  INFO 9520 --- [agri-farms-common-service] [  restartedMain] o.apache.catalina.core.StandardService   : Stopping service [Tomcat]
2026-02-21T16:39:41.386+05:30  INFO 9520 --- [agri-farms-common-service] [  restartedMain] .s.b.a.l.ConditionEvaluationReportLogger : 

Error starting ApplicationContext. To display the condition evaluation report re-run your application with 'debug' enabled.
2026-02-21T16:39:41.404+05:30 ERROR 9520 --- [agri-farms-common-service] [  restartedMain] o.s.boot.SpringApplication               : Application run failed

org.springframework.beans.factory.BeanCreationException: Error creating bean with name 'bookingController': Lookup method resolution failed
	at org.springframework.beans.factory.annotation.AutowiredAnnotationBeanPostProcessor.checkLookupMethods(AutowiredAnnotationBeanPostProcessor.java:497) ~[spring-beans-6.1.4.jar:6.1.4]
	at org.springframework.beans.factory.annotation.AutowiredAnnotationBeanPostProcessor.determineCandidateConstructors(AutowiredAnnotationBeanPostProcessor.java:367) ~[spring-beans-6.1.4.jar:6.1.4]
	at org.springframework.beans.factory.support.AbstractAutowireCapableBeanFactory.determineConstructorsFromBeanPostProcessors(AbstractAutowireCapableBeanFactory.java:1294) ~[spring-beans-6.1.4.jar:6.1.4]
	at org.springframework.beans.factory.support.AbstractAutowireCapableBeanFactory.createBeanInstance(AbstractAutowireCapableBeanFactory.java:1189) ~[spring-beans-6.1.4.jar:6.1.4]
	at org.springframework.beans.factory.support.AbstractAutowireCapableBeanFactory.doCreateBean(AbstractAutowireCapableBeanFactory.java:562) ~[spring-beans-6.1.4.jar:6.1.4]
	at org.springframework.beans.factory.support.AbstractAutowireCapableBeanFactory.createBean(AbstractAutowireCapableBeanFactory.java:522) ~[spring-beans-6.1.4.jar:6.1.4]
	at org.springframework.beans.factory.support.AbstractBeanFactory.lambda$doGetBean$0(AbstractBeanFactory.java:325) ~[spring-beans-6.1.4.jar:6.1.4]
	at org.springframework.beans.factory.support.DefaultSingletonBeanRegistry.getSingleton(DefaultSingletonBeanRegistry.java:234) ~[spring-beans-6.1.4.jar:6.1.4]
	at org.springframework.beans.factory.support.AbstractBeanFactory.doGetBean(AbstractBeanFactory.java:323) ~[spring-beans-6.1.4.jar:6.1.4]
	at org.springframework.beans.factory.support.AbstractBeanFactory.getBean(AbstractBeanFactory.java:199) ~[spring-beans-6.1.4.jar:6.1.4]
	at org.springframework.beans.factory.support.DefaultListableBeanFactory.preInstantiateSingletons(DefaultListableBeanFactory.java:975) ~[spring-beans-6.1.4.jar:6.1.4]
	at org.springframework.context.support.AbstractApplicationContext.finishBeanFactoryInitialization(AbstractApplicationContext.java:959) ~[spring-context-6.1.4.jar:6.1.4]
	at org.springframework.context.support.AbstractApplicationContext.refresh(AbstractApplicationContext.java:624) ~[spring-context-6.1.4.jar:6.1.4]
	at org.springframework.boot.web.servlet.context.ServletWebServerApplicationContext.refresh(ServletWebServerApplicationContext.java:146) ~[spring-boot-3.2.3.jar:3.2.3]
	at org.springframework.boot.SpringApplication.refresh(SpringApplication.java:754) ~[spring-boot-3.2.3.jar:3.2.3]
	at org.springframework.boot.SpringApplication.refreshContext(SpringApplication.java:456) ~[spring-boot-3.2.3.jar:3.2.3]
	at org.springframework.boot.SpringApplication.run(SpringApplication.java:334) ~[spring-boot-3.2.3.jar:3.2.3]
	at org.springframework.boot.SpringApplication.run(SpringApplication.java:1354) ~[spring-boot-3.2.3.jar:3.2.3]
	at org.springframework.boot.SpringApplication.run(SpringApplication.java:1343) ~[spring-boot-3.2.3.jar:3.2.3]
	at com.agrifarms.common.AgriFarmsCommonServiceApplication.main(AgriFarmsCommonServiceApplication.java:15) ~[classes/:na]
	at java.base/jdk.internal.reflect.DirectMethodHandleAccessor.invoke(Unknown Source) ~[na:na]
	at java.base/java.lang.reflect.Method.invoke(Unknown Source) ~[na:na]
	at org.springframework.boot.devtools.restart.RestartLauncher.run(RestartLauncher.java:50) ~[spring-boot-devtools-3.2.3.jar:3.2.3]
Caused by: java.lang.IllegalStateException: Failed to introspect Class [com.agrifarms.common.controller.BookingController] from ClassLoader [org.springframework.boot.devtools.restart.classloader.RestartClassLoader@53c3d20e]
	at org.springframework.util.ReflectionUtils.getDeclaredMethods(ReflectionUtils.java:483) ~[spring-core-6.1.4.jar:6.1.4]
	at org.springframework.util.ReflectionUtils.doWithLocalMethods(ReflectionUtils.java:320) ~[spring-core-6.1.4.jar:6.1.4]
	at org.springframework.beans.factory.annotation.AutowiredAnnotationBeanPostProcessor.checkLookupMethods(AutowiredAnnotationBeanPostProcessor.java:475) ~[spring-beans-6.1.4.jar:6.1.4]
	... 22 common frames omitted
Caused by: java.lang.NoClassDefFoundError: BookingDTO
	at java.base/java.lang.Class.getDeclaredMethods0(Native Method) ~[na:na]
	at java.base/java.lang.Class.privateGetDeclaredMethods(Unknown Source) ~[na:na]
	at java.base/java.lang.Class.getDeclaredMethods(Unknown Source) ~[na:na]
	at org.springframework.util.ReflectionUtils.getDeclaredMethods(ReflectionUtils.java:465) ~[spring-core-6.1.4.jar:6.1.4]
	... 24 common frames omitted
Caused by: java.lang.ClassNotFoundException: BookingDTO
	at java.base/jdk.internal.loader.BuiltinClassLoader.loadClass(Unknown Source) ~[na:na]
	at java.base/jdk.internal.loader.ClassLoaders$AppClassLoader.loadClass(Unknown Source) ~[na:na]
	at java.base/java.lang.ClassLoader.loadClass(Unknown Source) ~[na:na]
	at java.base/java.lang.Class.forName0(Native Method) ~[na:na]
	at java.base/java.lang.Class.forName(Unknown Source) ~[na:na]
	at java.base/java.lang.Class.forName(Unknown Source) ~[na:na]
	at org.springframework.boot.devtools.restart.classloader.RestartClassLoader.loadClass(RestartClassLoader.java:121) ~[spring-boot-devtools-3.2.3.jar:3.2.3]
	at java.base/java.lang.ClassLoader.loadClass(Unknown Source) ~[na:na]
	... 28 common frames omitted

[INFO] ------------------------------------------------------------------------
[INFO] BUILD SUCCESS
[INFO] ------------------------------------------------------------------------
[INFO] Total time:  8.067 s
[INFO] Finished at: 2026-02-21T16:39:41+05:30
[INFO] ------------------------------------------------------------------------
